<?xml version="1.0" encoding="UTF-8"?>
<!-- Generated by org.testng.reporters.JUnitXMLReporter -->
<testsuite ignored="0" hostname="LAPTOP-3ACFKIGT" failures="0" tests="5" name="Default test" time="68.025" errors="0" timestamp="2024-11-04T16:01:48 IST">
  <testcase classname="tests.EcomTest" name="test1" time="9.299"/>
  <testcase classname="tests.EcomTest" name="test2" time="29.794"/>
  <testcase classname="tests.EcomTest" name="test3" time="9.016"/>
  <testcase classname="tests.EcomTest" name="test4" time="13.001"/>
  <testcase classname="tests.EcomTest" name="test5" time="0.0"/>
</testsuite> <!-- Default test -->
