<?xml version="1.0" encoding="UTF-8"?>
<testng-results ignored="0" total="5" passed="5" failed="0" skipped="0">
  <reporter-output>
  </reporter-output>
  <suite started-at="2024-11-04T16:00:40 IST" name="Default suite" finished-at="2024-11-04T16:01:48 IST" duration-ms="68025">
    <groups>
    </groups>
    <test started-at="2024-11-04T16:00:40 IST" name="Default test" finished-at="2024-11-04T16:01:48 IST" duration-ms="68025">
      <class name="tests.EcomTest">
        <test-method is-config="true" signature="setUpExtentReport()[pri:0, instance:tests.EcomTest@7674f035]" started-at="2024-11-04T16:00:39 IST" name="setUpExtentReport" finished-at="2024-11-04T16:00:40 IST" duration-ms="624" status="PASS">
          <reporter-output>
          </reporter-output>
        </test-method> <!-- setUpExtentReport -->
        <test-method is-config="true" signature="setUp()[pri:0, instance:tests.EcomTest@7674f035]" started-at="2024-11-04T16:00:40 IST" name="setUp" finished-at="2024-11-04T16:00:45 IST" duration-ms="5587" status="PASS">
          <reporter-output>
          </reporter-output>
        </test-method> <!-- setUp -->
        <test-method signature="test1()[pri:0, instance:tests.EcomTest@7674f035]" started-at="2024-11-04T16:00:45 IST" name="test1" finished-at="2024-11-04T16:00:55 IST" duration-ms="9299" status="PASS">
          <reporter-output>
          </reporter-output>
        </test-method> <!-- test1 -->
        <test-method is-config="true" signature="getResult(org.testng.ITestResult)[pri:0, instance:tests.EcomTest@7674f035]" started-at="2024-11-04T16:00:55 IST" name="getResult" finished-at="2024-11-04T16:00:55 IST" duration-ms="6" status="PASS">
          <params>
            <param index="0">
              <value>
                <![CDATA[[TestResult name=test1 status=SUCCESS method=EcomTest.test1()[pri:0, instance:tests.EcomTest@7674f035] output={null}]]]>
              </value>
            </param>
          </params>
          <reporter-output>
          </reporter-output>
        </test-method> <!-- getResult -->
        <test-method signature="test2()[pri:1, instance:tests.EcomTest@7674f035]" started-at="2024-11-04T16:00:55 IST" name="test2" finished-at="2024-11-04T16:01:25 IST" duration-ms="29794" status="PASS">
          <reporter-output>
          </reporter-output>
        </test-method> <!-- test2 -->
        <test-method is-config="true" signature="getResult(org.testng.ITestResult)[pri:0, instance:tests.EcomTest@7674f035]" started-at="2024-11-04T16:01:25 IST" name="getResult" finished-at="2024-11-04T16:01:25 IST" duration-ms="0" status="PASS">
          <params>
            <param index="0">
              <value>
                <![CDATA[[TestResult name=test2 status=SUCCESS method=EcomTest.test2()[pri:1, instance:tests.EcomTest@7674f035] output={null}]]]>
              </value>
            </param>
          </params>
          <reporter-output>
          </reporter-output>
        </test-method> <!-- getResult -->
        <test-method signature="test3()[pri:2, instance:tests.EcomTest@7674f035]" started-at="2024-11-04T16:01:25 IST" name="test3" finished-at="2024-11-04T16:01:34 IST" duration-ms="9016" status="PASS">
          <reporter-output>
          </reporter-output>
        </test-method> <!-- test3 -->
        <test-method signature="test4()[pri:3, instance:tests.EcomTest@7674f035]" started-at="2024-11-04T16:01:34 IST" name="test4" finished-at="2024-11-04T16:01:47 IST" duration-ms="13001" status="PASS">
          <reporter-output>
          </reporter-output>
        </test-method> <!-- test4 -->
        <test-method is-config="true" signature="getResult(org.testng.ITestResult)[pri:0, instance:tests.EcomTest@7674f035]" started-at="2024-11-04T16:01:34 IST" name="getResult" finished-at="2024-11-04T16:01:34 IST" duration-ms="0" status="PASS">
          <params>
            <param index="0">
              <value>
                <![CDATA[[TestResult name=test3 status=SUCCESS method=EcomTest.test3()[pri:2, instance:tests.EcomTest@7674f035] output={null}]]]>
              </value>
            </param>
          </params>
          <reporter-output>
          </reporter-output>
        </test-method> <!-- getResult -->
        <test-method is-config="true" signature="getResult(org.testng.ITestResult)[pri:0, instance:tests.EcomTest@7674f035]" started-at="2024-11-04T16:01:47 IST" name="getResult" finished-at="2024-11-04T16:01:47 IST" duration-ms="9" status="PASS">
          <params>
            <param index="0">
              <value>
                <![CDATA[[TestResult name=test4 status=SUCCESS method=EcomTest.test4()[pri:3, instance:tests.EcomTest@7674f035] output={null}]]]>
              </value>
            </param>
          </params>
          <reporter-output>
          </reporter-output>
        </test-method> <!-- getResult -->
        <test-method signature="test5()[pri:4, instance:tests.EcomTest@7674f035]" started-at="2024-11-04T16:01:47 IST" name="test5" finished-at="2024-11-04T16:01:47 IST" duration-ms="0" status="PASS">
          <reporter-output>
          </reporter-output>
        </test-method> <!-- test5 -->
        <test-method is-config="true" signature="getResult(org.testng.ITestResult)[pri:0, instance:tests.EcomTest@7674f035]" started-at="2024-11-04T16:01:47 IST" name="getResult" finished-at="2024-11-04T16:01:47 IST" duration-ms="0" status="PASS">
          <params>
            <param index="0">
              <value>
                <![CDATA[[TestResult name=test5 status=SUCCESS method=EcomTest.test5()[pri:4, instance:tests.EcomTest@7674f035] output={null}]]]>
              </value>
            </param>
          </params>
          <reporter-output>
          </reporter-output>
        </test-method> <!-- getResult -->
        <test-method is-config="true" signature="tearDown()[pri:0, instance:tests.EcomTest@7674f035]" started-at="2024-11-04T16:01:47 IST" name="tearDown" finished-at="2024-11-04T16:01:48 IST" duration-ms="1161" status="PASS">
          <reporter-output>
          </reporter-output>
        </test-method> <!-- tearDown -->
        <test-method is-config="true" signature="tearDownExtentReport()[pri:0, instance:tests.EcomTest@7674f035]" started-at="2024-11-04T16:01:48 IST" name="tearDownExtentReport" finished-at="2024-11-04T16:01:49 IST" duration-ms="628" status="PASS">
          <reporter-output>
          </reporter-output>
        </test-method> <!-- tearDownExtentReport -->
      </class> <!-- tests.EcomTest -->
    </test> <!-- Default test -->
  </suite> <!-- Default suite -->
</testng-results>
