<?xml version="1.0" encoding="UTF-8"?>
<testng-results ignored="0" total="5" passed="5" failed="0" skipped="0">
  <reporter-output>
  </reporter-output>
  <suite started-at="2024-11-01T14:52:59 IST" name="Default suite" finished-at="2024-11-01T14:54:04 IST" duration-ms="65092">
    <groups>
    </groups>
    <test started-at="2024-11-01T14:52:59 IST" name="Default test" finished-at="2024-11-01T14:54:04 IST" duration-ms="65092">
      <class name="tests.EcomTest">
        <test-method signature="test1()[pri:0, instance:tests.EcomTest@165b8a71]" started-at="2024-11-01T14:52:59 IST" name="test1" finished-at="2024-11-01T14:53:10 IST" duration-ms="10395" status="PASS">
          <reporter-output>
          </reporter-output>
        </test-method> <!-- test1 -->
        <test-method signature="test2()[pri:1, instance:tests.EcomTest@165b8a71]" started-at="2024-11-01T14:53:10 IST" name="test2" finished-at="2024-11-01T14:53:30 IST" duration-ms="20397" status="PASS">
          <reporter-output>
          </reporter-output>
        </test-method> <!-- test2 -->
        <test-method signature="test3()[pri:2, instance:tests.EcomTest@165b8a71]" started-at="2024-11-01T14:53:30 IST" name="test3" finished-at="2024-11-01T14:53:47 IST" duration-ms="16551" status="PASS">
          <reporter-output>
          </reporter-output>
        </test-method> <!-- test3 -->
        <test-method signature="test4()[pri:3, instance:tests.EcomTest@165b8a71]" started-at="2024-11-01T14:53:47 IST" name="test4" finished-at="2024-11-01T14:54:04 IST" duration-ms="17641" status="PASS">
          <reporter-output>
          </reporter-output>
        </test-method> <!-- test4 -->
        <test-method signature="test5()[pri:4, instance:tests.EcomTest@165b8a71]" started-at="2024-11-01T14:54:04 IST" name="test5" finished-at="2024-11-01T14:54:04 IST" duration-ms="4" status="PASS">
          <reporter-output>
          </reporter-output>
        </test-method> <!-- test5 -->
      </class> <!-- tests.EcomTest -->
    </test> <!-- Default test -->
  </suite> <!-- Default suite -->
</testng-results>
